27-Jul-2023 08:29:26.086 INFORMAÇÕES [main] org.apache.catalina.startup.VersionLoggerListener.log Server version:        Apache Tomcat/9.0.10
27-Jul-2023 08:29:26.088 INFORMAÇÕES [main] org.apache.catalina.startup.VersionLoggerListener.log Server built:          Jun 20 2018 17:32:21 UTC
27-Jul-2023 08:29:26.088 INFORMAÇÕES [main] org.apache.catalina.startup.VersionLoggerListener.log Server number:         9.0.10.0
27-Jul-2023 08:29:26.088 INFORMAÇÕES [main] org.apache.catalina.startup.VersionLoggerListener.log OS Name:               Windows 10
27-Jul-2023 08:29:26.088 INFORMAÇÕES [main] org.apache.catalina.startup.VersionLoggerListener.log OS Version:            10.0
27-Jul-2023 08:29:26.088 INFORMAÇÕES [main] org.apache.catalina.startup.VersionLoggerListener.log Architecture:          amd64
27-Jul-2023 08:29:26.088 INFORMAÇÕES [main] org.apache.catalina.startup.VersionLoggerListener.log Java Home:             C:\SoftwareAG\jvm\jvm\jre
27-Jul-2023 08:29:26.088 INFORMAÇÕES [main] org.apache.catalina.startup.VersionLoggerListener.log JVM Version:           1.8.0_181-b02
27-Jul-2023 08:29:26.089 INFORMAÇÕES [main] org.apache.catalina.startup.VersionLoggerListener.log JVM Vendor:            Azul Systems, Inc.
27-Jul-2023 08:29:26.089 INFORMAÇÕES [main] org.apache.catalina.startup.VersionLoggerListener.log CATALINA_BASE:         C:\ws-natural\.naturalone\apache-tomcat
27-Jul-2023 08:29:26.089 INFORMAÇÕES [main] org.apache.catalina.startup.VersionLoggerListener.log CATALINA_HOME:         C:\SoftwareAG\naturalone\apache-tomcat
27-Jul-2023 08:29:26.089 INFORMAÇÕES [main] org.apache.catalina.startup.VersionLoggerListener.log Command line argument: -Djava.util.logging.manager=org.apache.juli.ClassLoaderLogManager
27-Jul-2023 08:29:26.089 INFORMAÇÕES [main] org.apache.catalina.startup.VersionLoggerListener.log Command line argument: -Djava.util.logging.config.file=C:\ws-natural\.naturalone\apache-tomcat\conf\logging.properties
27-Jul-2023 08:29:26.089 INFORMAÇÕES [main] org.apache.catalina.startup.VersionLoggerListener.log Command line argument: -Xmn128m
27-Jul-2023 08:29:26.089 INFORMAÇÕES [main] org.apache.catalina.startup.VersionLoggerListener.log Command line argument: -Xms512m
27-Jul-2023 08:29:26.089 INFORMAÇÕES [main] org.apache.catalina.startup.VersionLoggerListener.log Command line argument: -Xmx1024m
27-Jul-2023 08:29:26.089 INFORMAÇÕES [main] org.apache.catalina.startup.VersionLoggerListener.log Command line argument: -Djava.endorsed.dirs=C:\SoftwareAG\Designer\eclipse\.\..\..\naturalone\apache-tomcat\endorsed
27-Jul-2023 08:29:26.089 INFORMAÇÕES [main] org.apache.catalina.startup.VersionLoggerListener.log Command line argument: -Dcatalina.base=C:\ws-natural\.naturalone\apache-tomcat
27-Jul-2023 08:29:26.089 INFORMAÇÕES [main] org.apache.catalina.startup.VersionLoggerListener.log Command line argument: -Dcatalina.home=C:\SoftwareAG\Designer\eclipse\.\..\..\naturalone\apache-tomcat
27-Jul-2023 08:29:26.089 INFORMAÇÕES [main] org.apache.catalina.startup.VersionLoggerListener.log Command line argument: -Djava.io.tmpdir=C:\ws-natural\.naturalone\apache-tomcat\temp
27-Jul-2023 08:29:26.090 INFORMAÇÕES [main] org.apache.catalina.core.AprLifecycleListener.lifecycleEvent The APR based Apache Tomcat Native library which allows optimal performance in production environments was not found on the java.library.path: [C:\SoftwareAG\jvm\jvm\jre\bin;C:\WINDOWS\Sun\Java\bin;C:\WINDOWS\system32;C:\WINDOWS;C:\app\eduar\product\21c\dbhomeXE\bin;C:\Program Files\Common Files\Oracle\Java\javapath;C:\ProgramData\Oracle\Java\javapath;C:\Users\ilhas\Downloads\JasperIntegration\WINDOWS.X64_213000_db_home\bin;C:\Program Files (x86)\Common Files\Oracle\Java\javapath;C:\WINDOWS\system32;C:\WINDOWS;C:\WINDOWS\System32\Wbem;C:\WINDOWS\System32\WindowsPowerShell\v1.0\;C:\WINDOWS\System32\OpenSSH\;C:\Program Files\dotnet\;C:\Program Files\Git\cmd;C:\Program Files\nodejs\;C:\ProgramData\chocolatey\bin;C:\Users\eduar\AppData\Local\Microsoft\WindowsApps;;C:\Program Files\JetBrains\IntelliJ IDEA Community Edition 2022.3.2\bin;;C:\Users\eduar\AppData\Local\Programs\Microsoft VS Code\bin;.]
27-Jul-2023 08:29:26.364 INFORMAÇÕES [main] org.apache.coyote.AbstractProtocol.init Initializing ProtocolHandler ["http-nio-28080"]
27-Jul-2023 08:29:26.510 INFORMAÇÕES [main] org.apache.tomcat.util.net.NioSelectorPool.getSharedSelector Using a shared selector for servlet write/read
27-Jul-2023 08:29:26.517 INFORMAÇÕES [main] org.apache.catalina.startup.Catalina.load Initialization processed in 864 ms
27-Jul-2023 08:29:26.548 INFORMAÇÕES [main] org.apache.catalina.core.StandardService.startInternal Starting service [Catalina]
27-Jul-2023 08:29:26.548 INFORMAÇÕES [main] org.apache.catalina.core.StandardEngine.startInternal Starting Servlet Engine: Apache Tomcat/9.0.10
27-Jul-2023 08:29:26.595 INFORMAÇÕES [main] org.apache.catalina.startup.HostConfig.deployWAR Deploying web application archive [C:\ws-natural\.naturalone\apache-tomcat\webapps\cisnatural.war]
27-Jul-2023 08:29:32.371 INFORMAÇÕES [main] org.apache.jasper.servlet.TldScanner.scanJars At least one JAR was scanned for TLDs yet contained no TLDs. Enable debug logging for this logger for a complete list of JARs that were scanned but no TLDs were found in them. Skipping unneeded JARs during scanning can improve startup time and JSP compilation time.
27-Jul-2023 08:29:32.484 INFORMAÇÕES [main] com.sun.faces.config.ConfigureListener.contextInitialized Inicializando Mojarra 2.2.0 ( 20130502-2118 https://svn.java.net/svn/mojarra~svn/tags/2.2.0@11930) para o contexto '/cisnatural'
27-Jul-2023 08:29:33.694 INFORMAÇÕES [main] com.sun.faces.spi.InjectionProviderFactory.createInstance JSF1048: Anotações PostConstruct/PreDestroy presentes.  Os métodos ManagedBeans marcados com essas anotações informarão as anotações processadas.
27-Jul-2023 08:29:34.339 INFORMAÇÕES [main] org.apache.catalina.startup.HostConfig.deployWAR Deployment of web application archive [C:\ws-natural\.naturalone\apache-tomcat\webapps\cisnatural.war] has finished in [7,742] ms
27-Jul-2023 08:29:34.340 INFORMAÇÕES [main] org.apache.catalina.startup.HostConfig.deployDirectory Deploying web application directory [C:\ws-natural\.naturalone\apache-tomcat\webapps\docs]
27-Jul-2023 08:29:34.373 INFORMAÇÕES [main] org.apache.catalina.startup.HostConfig.deployDirectory Deployment of web application directory [C:\ws-natural\.naturalone\apache-tomcat\webapps\docs] has finished in [32] ms
27-Jul-2023 08:29:34.373 INFORMAÇÕES [main] org.apache.catalina.startup.HostConfig.deployDirectory Deploying web application directory [C:\ws-natural\.naturalone\apache-tomcat\webapps\examples]
27-Jul-2023 08:29:35.525 INFORMAÇÕES [main] org.apache.catalina.startup.HostConfig.deployDirectory Deployment of web application directory [C:\ws-natural\.naturalone\apache-tomcat\webapps\examples] has finished in [1,152] ms
27-Jul-2023 08:29:35.526 INFORMAÇÕES [main] org.apache.catalina.startup.HostConfig.deployDirectory Deploying web application directory [C:\ws-natural\.naturalone\apache-tomcat\webapps\host-manager]
27-Jul-2023 08:29:35.570 INFORMAÇÕES [main] org.apache.catalina.startup.HostConfig.deployDirectory Deployment of web application directory [C:\ws-natural\.naturalone\apache-tomcat\webapps\host-manager] has finished in [43] ms
27-Jul-2023 08:29:35.570 INFORMAÇÕES [main] org.apache.catalina.startup.HostConfig.deployDirectory Deploying web application directory [C:\ws-natural\.naturalone\apache-tomcat\webapps\manager]
27-Jul-2023 08:29:35.612 INFORMAÇÕES [main] org.apache.catalina.startup.HostConfig.deployDirectory Deployment of web application directory [C:\ws-natural\.naturalone\apache-tomcat\webapps\manager] has finished in [41] ms
27-Jul-2023 08:29:35.613 INFORMAÇÕES [main] org.apache.catalina.startup.HostConfig.deployDirectory Deploying web application directory [C:\ws-natural\.naturalone\apache-tomcat\webapps\ROOT]
27-Jul-2023 08:29:35.634 INFORMAÇÕES [main] org.apache.catalina.startup.HostConfig.deployDirectory Deployment of web application directory [C:\ws-natural\.naturalone\apache-tomcat\webapps\ROOT] has finished in [22] ms
27-Jul-2023 08:29:35.638 INFORMAÇÕES [main] org.apache.coyote.AbstractProtocol.start Starting ProtocolHandler ["http-nio-28080"]
27-Jul-2023 08:29:35.650 INFORMAÇÕES [main] org.apache.catalina.startup.Catalina.start Server startup in 9131 ms
