15-Aug-2023 11:45:33.751 INFORMAÇÕES [main] org.apache.catalina.startup.VersionLoggerListener.log Server version:        Apache Tomcat/9.0.10
15-Aug-2023 11:45:33.755 INFORMAÇÕES [main] org.apache.catalina.startup.VersionLoggerListener.log Server built:          Jun 20 2018 17:32:21 UTC
15-Aug-2023 11:45:33.755 INFORMAÇÕES [main] org.apache.catalina.startup.VersionLoggerListener.log Server number:         9.0.10.0
15-Aug-2023 11:45:33.755 INFORMAÇÕES [main] org.apache.catalina.startup.VersionLoggerListener.log OS Name:               Windows 10
15-Aug-2023 11:45:33.755 INFORMAÇÕES [main] org.apache.catalina.startup.VersionLoggerListener.log OS Version:            10.0
15-Aug-2023 11:45:33.755 INFORMAÇÕES [main] org.apache.catalina.startup.VersionLoggerListener.log Architecture:          amd64
15-Aug-2023 11:45:33.756 INFORMAÇÕES [main] org.apache.catalina.startup.VersionLoggerListener.log Java Home:             C:\SoftwareAG\jvm\jvm\jre
15-Aug-2023 11:45:33.756 INFORMAÇÕES [main] org.apache.catalina.startup.VersionLoggerListener.log JVM Version:           1.8.0_181-b02
15-Aug-2023 11:45:33.756 INFORMAÇÕES [main] org.apache.catalina.startup.VersionLoggerListener.log JVM Vendor:            Azul Systems, Inc.
15-Aug-2023 11:45:33.756 INFORMAÇÕES [main] org.apache.catalina.startup.VersionLoggerListener.log CATALINA_BASE:         C:\ws-natural\.naturalone\apache-tomcat
15-Aug-2023 11:45:33.756 INFORMAÇÕES [main] org.apache.catalina.startup.VersionLoggerListener.log CATALINA_HOME:         C:\SoftwareAG\naturalone\apache-tomcat
15-Aug-2023 11:45:33.756 INFORMAÇÕES [main] org.apache.catalina.startup.VersionLoggerListener.log Command line argument: -Djava.util.logging.manager=org.apache.juli.ClassLoaderLogManager
15-Aug-2023 11:45:33.756 INFORMAÇÕES [main] org.apache.catalina.startup.VersionLoggerListener.log Command line argument: -Djava.util.logging.config.file=C:\ws-natural\.naturalone\apache-tomcat\conf\logging.properties
15-Aug-2023 11:45:33.756 INFORMAÇÕES [main] org.apache.catalina.startup.VersionLoggerListener.log Command line argument: -Xmn128m
15-Aug-2023 11:45:33.756 INFORMAÇÕES [main] org.apache.catalina.startup.VersionLoggerListener.log Command line argument: -Xms512m
15-Aug-2023 11:45:33.756 INFORMAÇÕES [main] org.apache.catalina.startup.VersionLoggerListener.log Command line argument: -Xmx1024m
15-Aug-2023 11:45:33.756 INFORMAÇÕES [main] org.apache.catalina.startup.VersionLoggerListener.log Command line argument: -Djava.endorsed.dirs=C:\SoftwareAG\Designer\eclipse\.\..\..\naturalone\apache-tomcat\endorsed
15-Aug-2023 11:45:33.756 INFORMAÇÕES [main] org.apache.catalina.startup.VersionLoggerListener.log Command line argument: -Dcatalina.base=C:\ws-natural\.naturalone\apache-tomcat
15-Aug-2023 11:45:33.756 INFORMAÇÕES [main] org.apache.catalina.startup.VersionLoggerListener.log Command line argument: -Dcatalina.home=C:\SoftwareAG\Designer\eclipse\.\..\..\naturalone\apache-tomcat
15-Aug-2023 11:45:33.756 INFORMAÇÕES [main] org.apache.catalina.startup.VersionLoggerListener.log Command line argument: -Djava.io.tmpdir=C:\ws-natural\.naturalone\apache-tomcat\temp
15-Aug-2023 11:45:33.756 INFORMAÇÕES [main] org.apache.catalina.core.AprLifecycleListener.lifecycleEvent The APR based Apache Tomcat Native library which allows optimal performance in production environments was not found on the java.library.path: [C:\SoftwareAG\jvm\jvm\jre\bin;C:\WINDOWS\Sun\Java\bin;C:\WINDOWS\system32;C:\WINDOWS;C:\app\eduar\product\21c\dbhomeXE\bin;C:\Program Files\Common Files\Oracle\Java\javapath;C:\ProgramData\Oracle\Java\javapath;C:\Users\ilhas\Downloads\JasperIntegration\WINDOWS.X64_213000_db_home\bin;C:\Program Files (x86)\Common Files\Oracle\Java\javapath;C:\WINDOWS\system32;C:\WINDOWS;C:\WINDOWS\System32\Wbem;C:\WINDOWS\System32\WindowsPowerShell\v1.0\;C:\WINDOWS\System32\OpenSSH\;C:\Program Files\dotnet\;C:\Program Files\Git\cmd;C:\Program Files\nodejs\;C:\ProgramData\chocolatey\bin;C:\Users\eduar\AppData\Local\Microsoft\WindowsApps;;C:\Program Files\JetBrains\IntelliJ IDEA Community Edition 2022.3.2\bin;;C:\Users\eduar\AppData\Local\Programs\Microsoft VS Code\bin;.]
15-Aug-2023 11:45:34.054 INFORMAÇÕES [main] org.apache.coyote.AbstractProtocol.init Initializing ProtocolHandler ["http-nio-28080"]
15-Aug-2023 11:45:34.247 INFORMAÇÕES [main] org.apache.tomcat.util.net.NioSelectorPool.getSharedSelector Using a shared selector for servlet write/read
15-Aug-2023 11:45:34.255 INFORMAÇÕES [main] org.apache.catalina.startup.Catalina.load Initialization processed in 894 ms
15-Aug-2023 11:45:34.296 INFORMAÇÕES [main] org.apache.catalina.core.StandardService.startInternal Starting service [Catalina]
15-Aug-2023 11:45:34.296 INFORMAÇÕES [main] org.apache.catalina.core.StandardEngine.startInternal Starting Servlet Engine: Apache Tomcat/9.0.10
15-Aug-2023 11:45:34.370 INFORMAÇÕES [main] org.apache.catalina.startup.HostConfig.deployWAR Deploying web application archive [C:\ws-natural\.naturalone\apache-tomcat\webapps\cisnatural.war]
15-Aug-2023 11:45:41.291 INFORMAÇÕES [main] org.apache.jasper.servlet.TldScanner.scanJars At least one JAR was scanned for TLDs yet contained no TLDs. Enable debug logging for this logger for a complete list of JARs that were scanned but no TLDs were found in them. Skipping unneeded JARs during scanning can improve startup time and JSP compilation time.
15-Aug-2023 11:45:41.429 INFORMAÇÕES [main] com.sun.faces.config.ConfigureListener.contextInitialized Inicializando Mojarra 2.2.0 ( 20130502-2118 https://svn.java.net/svn/mojarra~svn/tags/2.2.0@11930) para o contexto '/cisnatural'
15-Aug-2023 11:45:42.887 INFORMAÇÕES [main] com.sun.faces.spi.InjectionProviderFactory.createInstance JSF1048: Anotações PostConstruct/PreDestroy presentes.  Os métodos ManagedBeans marcados com essas anotações informarão as anotações processadas.
15-Aug-2023 11:45:43.657 INFORMAÇÕES [main] org.apache.catalina.startup.HostConfig.deployWAR Deployment of web application archive [C:\ws-natural\.naturalone\apache-tomcat\webapps\cisnatural.war] has finished in [9,286] ms
15-Aug-2023 11:45:43.658 INFORMAÇÕES [main] org.apache.catalina.startup.HostConfig.deployDirectory Deploying web application directory [C:\ws-natural\.naturalone\apache-tomcat\webapps\docs]
15-Aug-2023 11:45:43.681 INFORMAÇÕES [main] org.apache.catalina.startup.HostConfig.deployDirectory Deployment of web application directory [C:\ws-natural\.naturalone\apache-tomcat\webapps\docs] has finished in [23] ms
15-Aug-2023 11:45:43.682 INFORMAÇÕES [main] org.apache.catalina.startup.HostConfig.deployDirectory Deploying web application directory [C:\ws-natural\.naturalone\apache-tomcat\webapps\examples]
15-Aug-2023 11:45:44.732 INFORMAÇÕES [main] org.apache.catalina.startup.HostConfig.deployDirectory Deployment of web application directory [C:\ws-natural\.naturalone\apache-tomcat\webapps\examples] has finished in [1,050] ms
15-Aug-2023 11:45:44.732 INFORMAÇÕES [main] org.apache.catalina.startup.HostConfig.deployDirectory Deploying web application directory [C:\ws-natural\.naturalone\apache-tomcat\webapps\host-manager]
15-Aug-2023 11:45:44.776 INFORMAÇÕES [main] org.apache.catalina.startup.HostConfig.deployDirectory Deployment of web application directory [C:\ws-natural\.naturalone\apache-tomcat\webapps\host-manager] has finished in [44] ms
15-Aug-2023 11:45:44.776 INFORMAÇÕES [main] org.apache.catalina.startup.HostConfig.deployDirectory Deploying web application directory [C:\ws-natural\.naturalone\apache-tomcat\webapps\manager]
15-Aug-2023 11:45:44.813 INFORMAÇÕES [main] org.apache.catalina.startup.HostConfig.deployDirectory Deployment of web application directory [C:\ws-natural\.naturalone\apache-tomcat\webapps\manager] has finished in [37] ms
15-Aug-2023 11:45:44.814 INFORMAÇÕES [main] org.apache.catalina.startup.HostConfig.deployDirectory Deploying web application directory [C:\ws-natural\.naturalone\apache-tomcat\webapps\ROOT]
15-Aug-2023 11:45:44.836 INFORMAÇÕES [main] org.apache.catalina.startup.HostConfig.deployDirectory Deployment of web application directory [C:\ws-natural\.naturalone\apache-tomcat\webapps\ROOT] has finished in [22] ms
15-Aug-2023 11:45:44.838 INFORMAÇÕES [main] org.apache.coyote.AbstractProtocol.start Starting ProtocolHandler ["http-nio-28080"]
15-Aug-2023 11:45:44.846 INFORMAÇÕES [main] org.apache.catalina.startup.Catalina.start Server startup in 10590 ms
15-Aug-2023 13:14:26.280 INFORMAÇÕES [main] org.apache.catalina.core.StandardServer.await A valid shutdown command was received via the shutdown port. Stopping the Server instance.
15-Aug-2023 13:14:26.282 INFORMAÇÕES [main] org.apache.coyote.AbstractProtocol.pause Pausing ProtocolHandler ["http-nio-28080"]
15-Aug-2023 13:14:26.447 INFORMAÇÕES [main] org.apache.catalina.core.StandardService.stopInternal Stopping service [Catalina]
15-Aug-2023 13:14:26.523 INFORMAÇÕES [main] org.apache.coyote.AbstractProtocol.stop Stopping ProtocolHandler ["http-nio-28080"]
15-Aug-2023 13:14:26.527 INFORMAÇÕES [main] org.apache.coyote.AbstractProtocol.destroy Destroying ProtocolHandler ["http-nio-28080"]
