18-Aug-2023 09:55:32.267 INFORMAÇÕES [main] org.apache.catalina.startup.VersionLoggerListener.log Server version:        Apache Tomcat/9.0.10
18-Aug-2023 09:55:32.276 INFORMAÇÕES [main] org.apache.catalina.startup.VersionLoggerListener.log Server built:          Jun 20 2018 17:32:21 UTC
18-Aug-2023 09:55:32.276 INFORMAÇÕES [main] org.apache.catalina.startup.VersionLoggerListener.log Server number:         9.0.10.0
18-Aug-2023 09:55:32.277 INFORMAÇÕES [main] org.apache.catalina.startup.VersionLoggerListener.log OS Name:               Windows 10
18-Aug-2023 09:55:32.277 INFORMAÇÕES [main] org.apache.catalina.startup.VersionLoggerListener.log OS Version:            10.0
18-Aug-2023 09:55:32.277 INFORMAÇÕES [main] org.apache.catalina.startup.VersionLoggerListener.log Architecture:          amd64
18-Aug-2023 09:55:32.277 INFORMAÇÕES [main] org.apache.catalina.startup.VersionLoggerListener.log Java Home:             C:\SoftwareAG\jvm\jvm\jre
18-Aug-2023 09:55:32.277 INFORMAÇÕES [main] org.apache.catalina.startup.VersionLoggerListener.log JVM Version:           1.8.0_181-b02
18-Aug-2023 09:55:32.277 INFORMAÇÕES [main] org.apache.catalina.startup.VersionLoggerListener.log JVM Vendor:            Azul Systems, Inc.
18-Aug-2023 09:55:32.277 INFORMAÇÕES [main] org.apache.catalina.startup.VersionLoggerListener.log CATALINA_BASE:         C:\ws-natural\.naturalone\apache-tomcat
18-Aug-2023 09:55:32.277 INFORMAÇÕES [main] org.apache.catalina.startup.VersionLoggerListener.log CATALINA_HOME:         C:\SoftwareAG\naturalone\apache-tomcat
18-Aug-2023 09:55:32.278 INFORMAÇÕES [main] org.apache.catalina.startup.VersionLoggerListener.log Command line argument: -Djava.util.logging.manager=org.apache.juli.ClassLoaderLogManager
18-Aug-2023 09:55:32.278 INFORMAÇÕES [main] org.apache.catalina.startup.VersionLoggerListener.log Command line argument: -Djava.util.logging.config.file=C:\ws-natural\.naturalone\apache-tomcat\conf\logging.properties
18-Aug-2023 09:55:32.278 INFORMAÇÕES [main] org.apache.catalina.startup.VersionLoggerListener.log Command line argument: -Xmn128m
18-Aug-2023 09:55:32.278 INFORMAÇÕES [main] org.apache.catalina.startup.VersionLoggerListener.log Command line argument: -Xms512m
18-Aug-2023 09:55:32.278 INFORMAÇÕES [main] org.apache.catalina.startup.VersionLoggerListener.log Command line argument: -Xmx1024m
18-Aug-2023 09:55:32.278 INFORMAÇÕES [main] org.apache.catalina.startup.VersionLoggerListener.log Command line argument: -Djava.endorsed.dirs=C:\SoftwareAG\Designer\eclipse\.\..\..\naturalone\apache-tomcat\endorsed
18-Aug-2023 09:55:32.278 INFORMAÇÕES [main] org.apache.catalina.startup.VersionLoggerListener.log Command line argument: -Dcatalina.base=C:\ws-natural\.naturalone\apache-tomcat
18-Aug-2023 09:55:32.278 INFORMAÇÕES [main] org.apache.catalina.startup.VersionLoggerListener.log Command line argument: -Dcatalina.home=C:\SoftwareAG\Designer\eclipse\.\..\..\naturalone\apache-tomcat
18-Aug-2023 09:55:32.278 INFORMAÇÕES [main] org.apache.catalina.startup.VersionLoggerListener.log Command line argument: -Djava.io.tmpdir=C:\ws-natural\.naturalone\apache-tomcat\temp
18-Aug-2023 09:55:32.278 INFORMAÇÕES [main] org.apache.catalina.core.AprLifecycleListener.lifecycleEvent The APR based Apache Tomcat Native library which allows optimal performance in production environments was not found on the java.library.path: [C:\SoftwareAG\jvm\jvm\jre\bin;C:\WINDOWS\Sun\Java\bin;C:\WINDOWS\system32;C:\WINDOWS;C:\app\eduar\product\21c\dbhomeXE\bin;C:\Program Files\Common Files\Oracle\Java\javapath;C:\ProgramData\Oracle\Java\javapath;C:\Users\ilhas\Downloads\JasperIntegration\WINDOWS.X64_213000_db_home\bin;C:\Program Files (x86)\Common Files\Oracle\Java\javapath;C:\WINDOWS\system32;C:\WINDOWS;C:\WINDOWS\System32\Wbem;C:\WINDOWS\System32\WindowsPowerShell\v1.0\;C:\WINDOWS\System32\OpenSSH\;C:\Program Files\dotnet\;C:\Program Files\Git\cmd;C:\Program Files\nodejs\;C:\ProgramData\chocolatey\bin;C:\Users\eduar\AppData\Local\Microsoft\WindowsApps;;C:\Program Files\JetBrains\IntelliJ IDEA Community Edition 2022.3.2\bin;;C:\Users\eduar\AppData\Local\Programs\Microsoft VS Code\bin;.]
18-Aug-2023 09:55:32.699 INFORMAÇÕES [main] org.apache.coyote.AbstractProtocol.init Initializing ProtocolHandler ["http-nio-28080"]
18-Aug-2023 09:55:32.928 INFORMAÇÕES [main] org.apache.tomcat.util.net.NioSelectorPool.getSharedSelector Using a shared selector for servlet write/read
18-Aug-2023 09:55:32.936 INFORMAÇÕES [main] org.apache.catalina.startup.Catalina.load Initialization processed in 1654 ms
18-Aug-2023 09:55:32.980 INFORMAÇÕES [main] org.apache.catalina.core.StandardService.startInternal Starting service [Catalina]
18-Aug-2023 09:55:32.981 INFORMAÇÕES [main] org.apache.catalina.core.StandardEngine.startInternal Starting Servlet Engine: Apache Tomcat/9.0.10
18-Aug-2023 09:55:33.034 INFORMAÇÕES [main] org.apache.catalina.startup.HostConfig.deployWAR Deploying web application archive [C:\ws-natural\.naturalone\apache-tomcat\webapps\cisnatural.war]
18-Aug-2023 09:55:38.827 INFORMAÇÕES [main] org.apache.jasper.servlet.TldScanner.scanJars At least one JAR was scanned for TLDs yet contained no TLDs. Enable debug logging for this logger for a complete list of JARs that were scanned but no TLDs were found in them. Skipping unneeded JARs during scanning can improve startup time and JSP compilation time.
18-Aug-2023 09:55:38.981 INFORMAÇÕES [main] com.sun.faces.config.ConfigureListener.contextInitialized Inicializando Mojarra 2.2.0 ( 20130502-2118 https://svn.java.net/svn/mojarra~svn/tags/2.2.0@11930) para o contexto '/cisnatural'
18-Aug-2023 09:55:40.776 INFORMAÇÕES [main] com.sun.faces.spi.InjectionProviderFactory.createInstance JSF1048: Anotações PostConstruct/PreDestroy presentes.  Os métodos ManagedBeans marcados com essas anotações informarão as anotações processadas.
18-Aug-2023 09:55:43.519 INFORMAÇÕES [main] org.apache.catalina.startup.HostConfig.deployWAR Deployment of web application archive [C:\ws-natural\.naturalone\apache-tomcat\webapps\cisnatural.war] has finished in [10,485] ms
18-Aug-2023 09:55:43.520 INFORMAÇÕES [main] org.apache.catalina.startup.HostConfig.deployDirectory Deploying web application directory [C:\ws-natural\.naturalone\apache-tomcat\webapps\docs]
18-Aug-2023 09:55:43.549 INFORMAÇÕES [main] org.apache.catalina.startup.HostConfig.deployDirectory Deployment of web application directory [C:\ws-natural\.naturalone\apache-tomcat\webapps\docs] has finished in [29] ms
18-Aug-2023 09:55:43.550 INFORMAÇÕES [main] org.apache.catalina.startup.HostConfig.deployDirectory Deploying web application directory [C:\ws-natural\.naturalone\apache-tomcat\webapps\examples]
18-Aug-2023 09:55:44.810 INFORMAÇÕES [main] org.apache.catalina.startup.HostConfig.deployDirectory Deployment of web application directory [C:\ws-natural\.naturalone\apache-tomcat\webapps\examples] has finished in [1,261] ms
18-Aug-2023 09:55:44.811 INFORMAÇÕES [main] org.apache.catalina.startup.HostConfig.deployDirectory Deploying web application directory [C:\ws-natural\.naturalone\apache-tomcat\webapps\host-manager]
18-Aug-2023 09:55:44.863 INFORMAÇÕES [main] org.apache.catalina.startup.HostConfig.deployDirectory Deployment of web application directory [C:\ws-natural\.naturalone\apache-tomcat\webapps\host-manager] has finished in [52] ms
18-Aug-2023 09:55:44.864 INFORMAÇÕES [main] org.apache.catalina.startup.HostConfig.deployDirectory Deploying web application directory [C:\ws-natural\.naturalone\apache-tomcat\webapps\manager]
18-Aug-2023 09:55:44.899 INFORMAÇÕES [main] org.apache.catalina.startup.HostConfig.deployDirectory Deployment of web application directory [C:\ws-natural\.naturalone\apache-tomcat\webapps\manager] has finished in [35] ms
18-Aug-2023 09:55:44.899 INFORMAÇÕES [main] org.apache.catalina.startup.HostConfig.deployDirectory Deploying web application directory [C:\ws-natural\.naturalone\apache-tomcat\webapps\ROOT]
18-Aug-2023 09:55:44.925 INFORMAÇÕES [main] org.apache.catalina.startup.HostConfig.deployDirectory Deployment of web application directory [C:\ws-natural\.naturalone\apache-tomcat\webapps\ROOT] has finished in [25] ms
18-Aug-2023 09:55:44.928 INFORMAÇÕES [main] org.apache.coyote.AbstractProtocol.start Starting ProtocolHandler ["http-nio-28080"]
18-Aug-2023 09:55:44.938 INFORMAÇÕES [main] org.apache.catalina.startup.Catalina.start Server startup in 12001 ms
18-Aug-2023 10:26:44.509 INFORMAÇÕES [main] org.apache.catalina.core.StandardServer.await A valid shutdown command was received via the shutdown port. Stopping the Server instance.
18-Aug-2023 10:26:44.518 INFORMAÇÕES [main] org.apache.coyote.AbstractProtocol.pause Pausing ProtocolHandler ["http-nio-28080"]
18-Aug-2023 10:26:44.697 INFORMAÇÕES [main] org.apache.catalina.core.StandardService.stopInternal Stopping service [Catalina]
18-Aug-2023 10:26:44.774 INFORMAÇÕES [main] org.apache.coyote.AbstractProtocol.stop Stopping ProtocolHandler ["http-nio-28080"]
18-Aug-2023 10:26:44.777 INFORMAÇÕES [main] org.apache.coyote.AbstractProtocol.destroy Destroying ProtocolHandler ["http-nio-28080"]
